<?xml version="1.0" encoding="UTF-8"?>
<!-- Generated by org.testng.reporters.JUnitReportReporter -->
<testsuite hostname="Admin" failures="0" tests="1" name="TestMavenProject.TestMavenProject.Browser" time="7.140" errors="0" timestamp="31 Dec 2020 13:40:52 GMT" skipped="0">
  <testcase classname="TestMavenProject.TestMavenProject.Browser" name="m1" time="7.140"/>
</testsuite> <!-- TestMavenProject.TestMavenProject.Browser -->
