<?xml version="1.0" encoding="UTF-8"?>
<!-- Generated by org.testng.reporters.JUnitReportReporter -->
<testsuite hostname="Admin" failures="0" tests="1" name="TestMavenProject.TestMavenProject.BrowserTest" time="21.876" errors="0" timestamp="07 Jan 2021 09:03:34 GMT" skipped="0">
  <testcase classname="TestMavenProject.TestMavenProject.BrowserTest" name="m1" time="21.876"/>
</testsuite> <!-- TestMavenProject.TestMavenProject.BrowserTest -->
