<?xml version="1.0" encoding="UTF-8"?>
<!-- Generated by org.testng.reporters.JUnitReportReporter -->
<testsuite hostname="Admin" failures="0" tests="1" name="TestMavenProject.TestMavenProject.AppTest" time="0.003" errors="0" timestamp="06 Jan 2021 14:44:17 GMT" skipped="0">
  <testcase classname="TestMavenProject.TestMavenProject.AppTest" name="testApp" time="0.003"/>
</testsuite> <!-- TestMavenProject.TestMavenProject.AppTest -->
